5/31/2019 8:46:41 AM	This log contains information about the import schema operation into project 'CIDS' on computer 'LLG5J25JR2' by user 'vudemr'.
5/31/2019 8:46:42 AM	Import of database schema has started.
5/31/2019 8:46:52 AM	Gathering database credentials
5/31/2019 8:46:52 AM	Gathering database options
5/31/2019 8:46:52 AM	Gathering users
5/31/2019 8:46:52 AM	Gathering roles
5/31/2019 8:46:52 AM	Gathering application roles
5/31/2019 8:46:52 AM	Gathering role memberships
5/31/2019 8:46:52 AM	Gathering filegroups
5/31/2019 8:46:52 AM	Gathering full-text catalogs
5/31/2019 8:46:52 AM	Gathering assemblies
5/31/2019 8:46:52 AM	Gathering certificates
5/31/2019 8:46:52 AM	Gathering asymmetric keys
5/31/2019 8:46:52 AM	Gathering symmetric keys
5/31/2019 8:46:52 AM	Gathering encrypted symmetric keys
5/31/2019 8:46:52 AM	Gathering schemas
5/31/2019 8:46:52 AM	Gathering XML schema collections
5/31/2019 8:46:52 AM	Gathering user-defined data types
5/31/2019 8:46:52 AM	Gathering user-defined types
5/31/2019 8:46:52 AM	Gathering table types
5/31/2019 8:46:52 AM	Gathering unique keys for table types
5/31/2019 8:46:52 AM	Gathering primary keys for table types
5/31/2019 8:46:52 AM	Gathering indexes for table types
5/31/2019 8:46:52 AM	Gathering check constraints for table types
5/31/2019 8:46:52 AM	Gathering default constraints for table types
5/31/2019 8:46:52 AM	Gathering partition functions
5/31/2019 8:46:52 AM	Gathering partition schemes
5/31/2019 8:46:52 AM	Gathering functions
5/31/2019 8:46:52 AM	Gathering encrypted functions
5/31/2019 8:46:52 AM	Gathering aggregates
5/31/2019 8:46:52 AM	Gathering procedures
5/31/2019 8:46:52 AM	Gathering encrypted procedures
5/31/2019 8:46:52 AM	Gathering tables
5/31/2019 8:46:53 AM	Gathering primary keys
5/31/2019 8:46:53 AM	Gathering unique constraints
5/31/2019 8:46:53 AM	Gathering foreign keys
5/31/2019 8:46:53 AM	Gathering default constraints
5/31/2019 8:46:53 AM	Gathering check constraints
5/31/2019 8:46:53 AM	Gathering views
5/31/2019 8:46:53 AM	Gathering encrypted views
5/31/2019 8:46:53 AM	Gathering indexes
5/31/2019 8:46:53 AM	Gathering statistics
5/31/2019 8:46:53 AM	Gathering full-text index stoplists
5/31/2019 8:46:53 AM	Gathering search property lists
5/31/2019 8:46:53 AM	Gathering search properties
5/31/2019 8:46:53 AM	Gathering full-text indexes
5/31/2019 8:46:53 AM	Gathering column store indexes
5/31/2019 8:46:53 AM	Gathering spatial indexes
5/31/2019 8:46:53 AM	Gathering XML indexes
5/31/2019 8:46:53 AM	Gathering Selective XML indexes
5/31/2019 8:46:53 AM	Gathering encrypted triggers
5/31/2019 8:46:53 AM	Gathering triggers
5/31/2019 8:46:53 AM	Gathering encrypted and clr ddl triggers
5/31/2019 8:46:53 AM	Gathering ddl triggers
5/31/2019 8:46:53 AM	Gathering synonyms
5/31/2019 8:46:53 AM	Gathering defaults
5/31/2019 8:46:53 AM	Gathering data constraint uddt bindings
5/31/2019 8:46:53 AM	Gathering rules
5/31/2019 8:46:53 AM	Gathering data constraint uddt bindings
5/31/2019 8:46:53 AM	Gathering message types
5/31/2019 8:46:53 AM	Gathering queues
5/31/2019 8:46:53 AM	Gathering contracts
5/31/2019 8:46:53 AM	Gathering services
5/31/2019 8:46:53 AM	Gathering event notifications
5/31/2019 8:46:53 AM	Gathering remote service bindings
5/31/2019 8:46:53 AM	Gathering broker priorities
5/31/2019 8:46:53 AM	Gathering signatures
5/31/2019 8:46:53 AM	Gathering data compression options
5/31/2019 8:46:53 AM	Gathering sequence types
5/31/2019 8:46:53 AM	Gathering security policies
5/31/2019 8:46:53 AM	Gather column encryption keys
5/31/2019 8:46:53 AM	Gathering column master keys
5/31/2019 8:46:53 AM	Gathering external data sources
5/31/2019 8:46:53 AM	Gathering external file formats
5/31/2019 8:46:53 AM	Gathering external tables
5/31/2019 8:46:53 AM	Gathering extended properties
5/31/2019 8:46:54 AM	Gathering credentials
5/31/2019 8:46:54 AM	Gathering logins
5/31/2019 8:46:54 AM	Gathering server audits
5/31/2019 8:46:54 AM	Scanning project for duplicate elements
5/31/2019 8:46:54 AM	Finished duplicate element processing
5/31/2019 8:46:55 AM	Finished importing database.
5/31/2019 8:46:55 AM	A summary of the import was saved to the following location: c:\users\vudemr\documents\visual studio 2015\Projects\CIDS\CIDS\Import Schema Logs\CIDS_20190531034641.log
5/31/2019 8:46:55 AM	Click Finish to continue...
