6/4/2019 1:19:53 PM	This log contains information about the import schema operation into project 'CIDS' on computer 'LLG5J25JR2' by user 'vudemr'.
6/4/2019 1:19:53 PM	Import of database schema has started.
6/4/2019 1:20:07 PM	Gathering database credentials
6/4/2019 1:20:07 PM	Gathering database options
6/4/2019 1:20:07 PM	Gathering users
6/4/2019 1:20:07 PM	Gathering roles
6/4/2019 1:20:07 PM	Gathering application roles
6/4/2019 1:20:08 PM	Gathering role memberships
6/4/2019 1:20:08 PM	Gathering filegroups
6/4/2019 1:20:08 PM	Gathering full-text catalogs
6/4/2019 1:20:08 PM	Gathering assemblies
6/4/2019 1:20:08 PM	Gathering certificates
6/4/2019 1:20:08 PM	Gathering asymmetric keys
6/4/2019 1:20:08 PM	Gathering symmetric keys
6/4/2019 1:20:08 PM	Gathering encrypted symmetric keys
6/4/2019 1:20:08 PM	Gathering schemas
6/4/2019 1:20:08 PM	Gathering XML schema collections
6/4/2019 1:20:08 PM	Gathering user-defined data types
6/4/2019 1:20:08 PM	Gathering user-defined types
6/4/2019 1:20:08 PM	Gathering table types
6/4/2019 1:20:08 PM	Gathering unique keys for table types
6/4/2019 1:20:08 PM	Gathering primary keys for table types
6/4/2019 1:20:08 PM	Gathering indexes for table types
6/4/2019 1:20:08 PM	Gathering check constraints for table types
6/4/2019 1:20:08 PM	Gathering default constraints for table types
6/4/2019 1:20:08 PM	Gathering partition functions
6/4/2019 1:20:08 PM	Gathering partition schemes
6/4/2019 1:20:08 PM	Gathering functions
6/4/2019 1:20:08 PM	Gathering encrypted functions
6/4/2019 1:20:08 PM	Gathering aggregates
6/4/2019 1:20:08 PM	Gathering procedures
6/4/2019 1:20:08 PM	Gathering encrypted procedures
6/4/2019 1:20:08 PM	Gathering tables
6/4/2019 1:20:08 PM	Gathering primary keys
6/4/2019 1:20:08 PM	Gathering unique constraints
6/4/2019 1:20:08 PM	Gathering foreign keys
6/4/2019 1:20:08 PM	Gathering default constraints
6/4/2019 1:20:08 PM	Gathering check constraints
6/4/2019 1:20:08 PM	Gathering views
6/4/2019 1:20:08 PM	Gathering encrypted views
6/4/2019 1:20:08 PM	Gathering indexes
6/4/2019 1:20:08 PM	Gathering statistics
6/4/2019 1:20:08 PM	Gathering full-text index stoplists
6/4/2019 1:20:08 PM	Gathering search property lists
6/4/2019 1:20:08 PM	Gathering search properties
6/4/2019 1:20:08 PM	Gathering full-text indexes
6/4/2019 1:20:08 PM	Gathering column store indexes
6/4/2019 1:20:08 PM	Gathering spatial indexes
6/4/2019 1:20:08 PM	Gathering XML indexes
6/4/2019 1:20:08 PM	Gathering Selective XML indexes
6/4/2019 1:20:08 PM	Gathering encrypted triggers
6/4/2019 1:20:08 PM	Gathering triggers
6/4/2019 1:20:08 PM	Gathering encrypted and clr ddl triggers
6/4/2019 1:20:08 PM	Gathering ddl triggers
6/4/2019 1:20:08 PM	Gathering synonyms
6/4/2019 1:20:08 PM	Gathering defaults
6/4/2019 1:20:08 PM	Gathering data constraint uddt bindings
6/4/2019 1:20:08 PM	Gathering rules
6/4/2019 1:20:08 PM	Gathering data constraint uddt bindings
6/4/2019 1:20:08 PM	Gathering message types
6/4/2019 1:20:08 PM	Gathering queues
6/4/2019 1:20:08 PM	Gathering contracts
6/4/2019 1:20:08 PM	Gathering services
6/4/2019 1:20:08 PM	Gathering event notifications
6/4/2019 1:20:08 PM	Gathering remote service bindings
6/4/2019 1:20:08 PM	Gathering broker priorities
6/4/2019 1:20:08 PM	Gathering signatures
6/4/2019 1:20:08 PM	Gathering data compression options
6/4/2019 1:20:08 PM	Gathering sequence types
6/4/2019 1:20:08 PM	Gathering security policies
6/4/2019 1:20:08 PM	Gather column encryption keys
6/4/2019 1:20:08 PM	Gathering column master keys
6/4/2019 1:20:08 PM	Gathering external data sources
6/4/2019 1:20:08 PM	Gathering external file formats
6/4/2019 1:20:08 PM	Gathering external tables
6/4/2019 1:20:08 PM	Gathering extended properties
6/4/2019 1:20:09 PM	Gathering credentials
6/4/2019 1:20:09 PM	Gathering logins
6/4/2019 1:20:09 PM	Gathering server audits
6/4/2019 1:20:09 PM	Scanning project for duplicate elements
6/4/2019 1:20:10 PM	Finished duplicate element processing
6/4/2019 1:20:10 PM	Finished importing database.
6/4/2019 1:20:10 PM	A summary of the import was saved to the following location: c:\users\vudemr\documents\visual studio 2015\Projects\CIDS\CIDS\Import Schema Logs\CIDS_20190604081953.log
6/4/2019 1:20:10 PM	Click Finish to continue...
