7/12/2019 10:37:48 AM	This log contains information about the import schema operation into project 'CIDS' on computer 'LLG5J25JR2' by user 'vudemr'.
7/12/2019 10:37:48 AM	Import of database schema has started.
7/12/2019 10:37:57 AM	Gathering database credentials
7/12/2019 10:37:57 AM	Gathering database options
7/12/2019 10:37:57 AM	Gathering users
7/12/2019 10:37:57 AM	Gathering roles
7/12/2019 10:37:57 AM	Gathering application roles
7/12/2019 10:37:57 AM	Gathering role memberships
7/12/2019 10:37:57 AM	Gathering filegroups
7/12/2019 10:37:57 AM	Gathering full-text catalogs
7/12/2019 10:37:57 AM	Gathering assemblies
7/12/2019 10:37:57 AM	Gathering certificates
7/12/2019 10:37:57 AM	Gathering asymmetric keys
7/12/2019 10:37:57 AM	Gathering symmetric keys
7/12/2019 10:37:57 AM	Gathering encrypted symmetric keys
7/12/2019 10:37:57 AM	Gathering schemas
7/12/2019 10:37:57 AM	Gathering XML schema collections
7/12/2019 10:37:57 AM	Gathering user-defined data types
7/12/2019 10:37:57 AM	Gathering user-defined types
7/12/2019 10:37:57 AM	Gathering table types
7/12/2019 10:37:57 AM	Gathering unique keys for table types
7/12/2019 10:37:57 AM	Gathering primary keys for table types
7/12/2019 10:37:57 AM	Gathering indexes for table types
7/12/2019 10:37:57 AM	Gathering check constraints for table types
7/12/2019 10:37:57 AM	Gathering default constraints for table types
7/12/2019 10:37:57 AM	Gathering partition functions
7/12/2019 10:37:57 AM	Gathering partition schemes
7/12/2019 10:37:57 AM	Gathering functions
7/12/2019 10:37:57 AM	Gathering encrypted functions
7/12/2019 10:37:57 AM	Gathering aggregates
7/12/2019 10:37:57 AM	Gathering procedures
7/12/2019 10:37:57 AM	Gathering encrypted procedures
7/12/2019 10:37:57 AM	Gathering tables
7/12/2019 10:37:57 AM	Gathering primary keys
7/12/2019 10:37:57 AM	Gathering unique constraints
7/12/2019 10:37:57 AM	Gathering foreign keys
7/12/2019 10:37:57 AM	Gathering default constraints
7/12/2019 10:37:57 AM	Gathering check constraints
7/12/2019 10:37:57 AM	Gathering views
7/12/2019 10:37:57 AM	Gathering encrypted views
7/12/2019 10:37:57 AM	Gathering indexes
7/12/2019 10:37:57 AM	Gathering statistics
7/12/2019 10:37:57 AM	Gathering full-text index stoplists
7/12/2019 10:37:57 AM	Gathering search property lists
7/12/2019 10:37:57 AM	Gathering search properties
7/12/2019 10:37:57 AM	Gathering full-text indexes
7/12/2019 10:37:57 AM	Gathering column store indexes
7/12/2019 10:37:57 AM	Gathering spatial indexes
7/12/2019 10:37:57 AM	Gathering XML indexes
7/12/2019 10:37:57 AM	Gathering Selective XML indexes
7/12/2019 10:37:57 AM	Gathering encrypted triggers
7/12/2019 10:37:57 AM	Gathering triggers
7/12/2019 10:37:57 AM	Gathering encrypted and clr ddl triggers
7/12/2019 10:37:57 AM	Gathering ddl triggers
7/12/2019 10:37:57 AM	Gathering synonyms
7/12/2019 10:37:57 AM	Gathering defaults
7/12/2019 10:37:57 AM	Gathering data constraint uddt bindings
7/12/2019 10:37:57 AM	Gathering rules
7/12/2019 10:37:57 AM	Gathering data constraint uddt bindings
7/12/2019 10:37:57 AM	Gathering message types
7/12/2019 10:37:57 AM	Gathering queues
7/12/2019 10:37:57 AM	Gathering contracts
7/12/2019 10:37:57 AM	Gathering services
7/12/2019 10:37:57 AM	Gathering event notifications
7/12/2019 10:37:57 AM	Gathering remote service bindings
7/12/2019 10:37:57 AM	Gathering broker priorities
7/12/2019 10:37:57 AM	Gathering signatures
7/12/2019 10:37:57 AM	Gathering data compression options
7/12/2019 10:37:57 AM	Gathering sequence types
7/12/2019 10:37:57 AM	Gathering security policies
7/12/2019 10:37:57 AM	Gather column encryption keys
7/12/2019 10:37:57 AM	Gathering column master keys
7/12/2019 10:37:57 AM	Gathering external data sources
7/12/2019 10:37:57 AM	Gathering external file formats
7/12/2019 10:37:57 AM	Gathering external tables
7/12/2019 10:37:57 AM	Gathering extended properties
7/12/2019 10:37:58 AM	Gathering credentials
7/12/2019 10:37:58 AM	Gathering logins
7/12/2019 10:37:58 AM	Gathering server audits
7/12/2019 10:37:58 AM	Scanning project for duplicate elements
7/12/2019 10:37:58 AM	Finished duplicate element processing
7/12/2019 10:37:59 AM	Finished importing database.
7/12/2019 10:37:59 AM	A summary of the import was saved to the following location: c:\users\vudemr\documents\visual studio 2015\Projects\CIDS\CIDS\Import Schema Logs\CIDS_20190712053748.log
7/12/2019 10:37:59 AM	Click Finish to continue...
